<?xml version="1.0" encoding="UTF-8"?>
<!-- Generated by org.testng.reporters.JUnitXMLReporter -->
<testsuite ignored="0" hostname="DESKTOP-U0KD3AK" failures="0" tests="6" name="Default test" time="23.89" errors="0" timestamp="2023-04-06T17:45:51 IST">
  <testcase classname="Testcases.Cartinformcheck" name="verifywithblankinfo" time="9.49"/>
  <testcase classname="Testcases.Cartinformcheck" name="verifywithonlysetfirstname" time="1.088"/>
  <testcase classname="Testcases.Cartinformcheck" name="verifywithonlysetlastname" time="1.045"/>
  <testcase classname="Testcases.Cartinformcheck" name="verifywithonlysetpasscode" time="1.024"/>
  <testcase classname="Testcases.Cartinformcheck" name="verifywithrandomaddress" time="1.051"/>
  <testcase classname="Testcases.Cartinformcheck" name="verifywithsetthreevalue" time="1.118"/>
</testsuite> <!-- Default test -->
