<?xml version="1.0" encoding="UTF-8"?>
<!-- Generated by org.testng.reporters.JUnitXMLReporter -->
<testsuite ignored="10" hostname="DESKTOP-U0KD3AK" failures="0" tests="22" name="Test" time="77.95" errors="0" timestamp="2023-04-11T09:39:27 IST">
  <testcase classname="Testcases.Menuicon" name="verifyaboutbutton" time="18.235"/>
  <testcase classname="Testcases.Menuicon" name="verifyallitems" time="3.163"/>
  <testcase classname="Testcases.Menuicon" name="verifylogoutbutton" time="1.208"/>
  <testcase classname="Testcases.Menuicon" name="verifymenuicon" time="0.976"/>
  <testcase classname="Testcases.Menuicon" name="verifyresetapp" time="1.021"/>
  <testcase classname="Testcases.Logoutbutton" name="verifylogout" time="1.116"/>
  <testcase classname="Testcases.Cartinformcheck" name="verifywithblankinfo" time="7.935"/>
  <testcase classname="Testcases.Cartinformcheck" name="verifywithonlysetfirstname" time="1.776"/>
  <testcase classname="Testcases.Cartinformcheck" name="verifywithonlysetlastname" time="1.894"/>
  <testcase classname="Testcases.Cartinformcheck" name="verifywithonlysetpasscode" time="1.793"/>
  <testcase classname="Testcases.Cartinformcheck" name="verifywithrandomaddress" time="1.808"/>
  <testcase classname="Testcases.Cartinformcheck" name="verifywithsetthreevalue" time="2.568"/>
  <testcase classname="Testcases.Filtertestcase" name="verifyfilter" time="1.794"/>
  <testcase classname="Testcases.Logintestcases" name="verifyUser" time="1.745"/>
  <testcase classname="Testcases.Logintestcases" name="verifyUser" time="1.676"/>
  <testcase classname="Testcases.Logintestcases" name="verifyUser" time="1.779"/>
  <testcase classname="Testcases.Logintestcases" name="verifyUser" time="1.421"/>
  <testcase classname="Testcases.Logintestcases" name="verifyUser" time="1.482"/>
  <testcase classname="Testcases.Logintestcases" name="verifyUser" time="1.082"/>
  <testcase classname="Testcases.Productordertestcase" name="verifyproductorder" time="5.717"/>
  <testcase classname="Testcases.Productordertestcase" name="verifyordercancel" time="2.083"/>
  <testcase classname="Testcases.Productordertestcase" name="verifycontinueshopping" time="1.173"/>
  <testcase classname="Utility.Base" name="@BeforeTest setup" time="0.0">
    <ignored/>
  </testcase> <!-- @BeforeTest setup -->
  <testcase classname="Utility.Base" name="@BeforeTest setup" time="0.0">
    <ignored/>
  </testcase> <!-- @BeforeTest setup -->
  <testcase classname="Utility.Base" name="@BeforeTest setup" time="0.0">
    <ignored/>
  </testcase> <!-- @BeforeTest setup -->
  <testcase classname="Utility.Base" name="@BeforeTest setup" time="0.0">
    <ignored/>
  </testcase> <!-- @BeforeTest setup -->
  <testcase classname="Utility.Base" name="@BeforeTest setup" time="0.0">
    <ignored/>
  </testcase> <!-- @BeforeTest setup -->
  <testcase classname="Utility.Base" name="@AfterTest teardown" time="0.0">
    <ignored/>
  </testcase> <!-- @AfterTest teardown -->
  <testcase classname="Utility.Base" name="@AfterTest teardown" time="0.0">
    <ignored/>
  </testcase> <!-- @AfterTest teardown -->
  <testcase classname="Utility.Base" name="@AfterTest teardown" time="0.0">
    <ignored/>
  </testcase> <!-- @AfterTest teardown -->
  <testcase classname="Utility.Base" name="@AfterTest teardown" time="0.0">
    <ignored/>
  </testcase> <!-- @AfterTest teardown -->
  <testcase classname="Utility.Base" name="@AfterTest teardown" time="0.0">
    <ignored/>
  </testcase> <!-- @AfterTest teardown -->
</testsuite> <!-- Test -->
